<?xml version="1.0" encoding="UTF-8"?>
<testsuite xmlns:xsi="http://www.w3.org/2001/XMLSchema-instance" xsi:noNamespaceSchemaLocation="https://maven.apache.org/surefire/maven-surefire-plugin/xsd/surefire-test-report-3.0.xsd" version="3.0" name="com.threads.concurrency.ConcurrencyApplicationTests" time="11.238" tests="1" errors="0" skipped="0" failures="0">
  <properties>
[...]
</properties>
  <testcase name="contextLoads" classname="com.threads.concurrency.ConcurrencyApplicationTests" time="1.097">
    <system-out><![CDATA[14:38:13.474 [main] INFO org.springframework.test.context.support.AnnotationConfigContextLoaderUtils -- Could not detect default configuration classes for test class [com.threads.concurrency.ConcurrencyApplicationTests]: ConcurrencyApplicationTests does not declare any static, non-private, non-final, nested classes annotated with @Configuration.
14:38:13.601 [main] INFO org.springframework.boot.test.context.SpringBootTestContextBootstrapper -- Found @SpringBootConfiguration com.threads.concurrency.ConcurrencyApplication for test class com.threads.concurrency.ConcurrencyApplicationTests
14:38:13.781 [main] INFO org.springframework.boot.devtools.restart.RestartApplicationListener -- Restart disabled due to context in which it is running

  .   ____          _            __ _ _
 /\\ / ___'_ __ _ _(_)_ __  __ _ \ \ \ \
( ( )\___ | '_ | '_| | '_ \/ _` | \ \ \ \
 \\/  ___)| |_)| | | | | || (_| |  ) ) ) )
  '  |____| .__|_| |_|_| |_\__, | / / / /
 =========|_|==============|___/=/_/_/_/

 :: Spring Boot ::                (v3.3.4)

{"timestamp":"2024-09-25T14:38:14.143", "level":"INFO", "thread":"[main]", "logger":"c.t.c.ConcurrencyApplicationTests", "message":"Starting ConcurrencyApplicationTests using Java 21.0.3 with PID 1608178 (started by kduah in /home/kduah/Desktop/threads/concurrency)", "exception":""}
{"timestamp":"2024-09-25T14:38:14.144", "level":"DEBUG", "thread":"[main]", "logger":"c.t.c.ConcurrencyApplicationTests", "message":"Running with Spring Boot v3.3.4, Spring v6.1.13", "exception":""}
{"timestamp":"2024-09-25T14:38:14.145", "level":"INFO", "thread":"[main]", "logger":"c.t.c.ConcurrencyApplicationTests", "message":"No active profile set, falling back to 1 default profile: "default"", "exception":""}
{"timestamp":"2024-09-25T14:38:15.630", "level":"INFO", "thread":"[main]", "logger":"o.s.d.r.c.RepositoryConfigurationDelegate", "message":"Multiple Spring Data modules found, entering strict repository configuration mode", "exception":""}
{"timestamp":"2024-09-25T14:38:15.632", "level":"INFO", "thread":"[main]", "logger":"o.s.d.r.c.RepositoryConfigurationDelegate", "message":"Bootstrapping Spring Data JDBC repositories in DEFAULT mode.", "exception":""}
{"timestamp":"2024-09-25T14:38:15.668", "level":"INFO", "thread":"[main]", "logger":"o.s.d.r.c.RepositoryConfigurationExtensionSupport", "message":"Spring Data JDBC - Could not safely identify store assignment for repository candidate interface com.threads.concurrency.Repositories.ChefRepository; If you want this repository to be a JDBC repository, consider annotating your entities with one of these annotations: org.springframework.data.relational.core.mapping.Table.", "exception":""}
{"timestamp":"2024-09-25T14:38:15.669", "level":"INFO", "thread":"[main]", "logger":"o.s.d.r.c.RepositoryConfigurationExtensionSupport", "message":"Spring Data JDBC - Could not safely identify store assignment for repository candidate interface com.threads.concurrency.Repositories.TaskRepository; If you want this repository to be a JDBC repository, consider annotating your entities with one of these annotations: org.springframework.data.relational.core.mapping.Table.", "exception":""}
{"timestamp":"2024-09-25T14:38:15.670", "level":"INFO", "thread":"[main]", "logger":"o.s.d.r.c.RepositoryConfigurationDelegate", "message":"Finished Spring Data repository scanning in 33 ms. Found 0 JDBC repository interfaces.", "exception":""}
{"timestamp":"2024-09-25T14:38:15.688", "level":"INFO", "thread":"[main]", "logger":"o.s.d.r.c.RepositoryConfigurationDelegate", "message":"Multiple Spring Data modules found, entering strict repository configuration mode", "exception":""}
{"timestamp":"2024-09-25T14:38:15.689", "level":"INFO", "thread":"[main]", "logger":"o.s.d.r.c.RepositoryConfigurationDelegate", "message":"Bootstrapping Spring Data JPA repositories in DEFAULT mode.", "exception":""}
{"timestamp":"2024-09-25T14:38:15.845", "level":"INFO", "thread":"[main]", "logger":"o.s.d.r.c.RepositoryConfigurationDelegate", "message":"Finished Spring Data repository scanning in 152 ms. Found 2 JPA repository interfaces.", "exception":""}
{"timestamp":"2024-09-25T14:38:15.878", "level":"INFO", "thread":"[main]", "logger":"o.s.d.r.c.RepositoryConfigurationDelegate", "message":"Multiple Spring Data modules found, entering strict repository configuration mode", "exception":""}
{"timestamp":"2024-09-25T14:38:15.880", "level":"INFO", "thread":"[main]", "logger":"o.s.d.r.c.RepositoryConfigurationDelegate", "message":"Bootstrapping Spring Data Redis repositories in DEFAULT mode.", "exception":""}
{"timestamp":"2024-09-25T14:38:15.895", "level":"INFO", "thread":"[main]", "logger":"o.s.d.r.c.RepositoryConfigurationExtensionSupport", "message":"Spring Data Redis - Could not safely identify store assignment for repository candidate interface com.threads.concurrency.Repositories.ChefRepository; If you want this repository to be a Redis repository, consider annotating your entities with one of these annotations: org.springframework.data.redis.core.RedisHash (preferred), or consider extending one of the following types with your repository: org.springframework.data.keyvalue.repository.KeyValueRepository", "exception":""}
{"timestamp":"2024-09-25T14:38:15.895", "level":"INFO", "thread":"[main]", "logger":"o.s.d.r.c.RepositoryConfigurationExtensionSupport", "message":"Spring Data Redis - Could not safely identify store assignment for repository candidate interface com.threads.concurrency.Repositories.TaskRepository; If you want this repository to be a Redis repository, consider annotating your entities with one of these annotations: org.springframework.data.redis.core.RedisHash (preferred), or consider extending one of the following types with your repository: org.springframework.data.keyvalue.repository.KeyValueRepository", "exception":""}
{"timestamp":"2024-09-25T14:38:15.898", "level":"INFO", "thread":"[main]", "logger":"o.s.d.r.c.RepositoryConfigurationDelegate", "message":"Finished Spring Data repository scanning in 8 ms. Found 0 Redis repository interfaces.", "exception":""}
{"timestamp":"2024-09-25T14:38:17.051", "level":"INFO", "thread":"[main]", "logger":"o.h.jpa.internal.util.LogHelper", "message":"HHH000204: Processing PersistenceUnitInfo [name: default]", "exception":""}
{"timestamp":"2024-09-25T14:38:17.113", "level":"INFO", "thread":"[main]", "logger":"org.hibernate.Version", "message":"HHH000412: Hibernate ORM core version 6.5.3.Final", "exception":""}
{"timestamp":"2024-09-25T14:38:17.154", "level":"INFO", "thread":"[main]", "logger":"o.h.c.i.RegionFactoryInitiator", "message":"HHH000026: Second-level cache disabled", "exception":""}
{"timestamp":"2024-09-25T14:38:17.807", "level":"INFO", "thread":"[main]", "logger":"o.s.o.j.p.SpringPersistenceUnitInfo", "message":"No LoadTimeWeaver setup: ignoring JPA class transformer", "exception":""}
{"timestamp":"2024-09-25T14:38:17.840", "level":"INFO", "thread":"[main]", "logger":"com.zaxxer.hikari.HikariDataSource", "message":"HikariPool-1 - Starting...", "exception":""}
{"timestamp":"2024-09-25T14:38:18.319", "level":"INFO", "thread":"[main]", "logger":"com.zaxxer.hikari.pool.HikariPool", "message":"HikariPool-1 - Added connection org.postgresql.jdbc.PgConnection@29431f61", "exception":""}
{"timestamp":"2024-09-25T14:38:18.321", "level":"INFO", "thread":"[main]", "logger":"com.zaxxer.hikari.HikariDataSource", "message":"HikariPool-1 - Start completed.", "exception":""}
{"timestamp":"2024-09-25T14:38:18.359", "level":"WARN", "thread":"[main]", "logger":"org.hibernate.orm.deprecation", "message":"HHH90000025: PostgreSQLDialect does not need to be specified explicitly using 'hibernate.dialect' (remove the property setting and it will be selected by default)", "exception":""}
{"timestamp":"2024-09-25T14:38:19.529", "level":"INFO", "thread":"[main]", "logger":"o.h.e.t.j.p.i.JtaPlatformInitiator", "message":"HHH000489: No JTA platform available (set 'hibernate.transaction.jta.platform' to enable JTA platform integration)", "exception":""}
{"timestamp":"2024-09-25T14:38:19.671", "level":"INFO", "thread":"[main]", "logger":"o.s.o.j.LocalContainerEntityManagerFactoryBean", "message":"Initialized JPA EntityManagerFactory for persistence unit 'default'", "exception":""}
{"timestamp":"2024-09-25T14:38:20.994", "level":"WARN", "thread":"[main]", "logger":"o.s.b.a.o.j.JpaBaseConfiguration$JpaWebConfiguration", "message":"spring.jpa.open-in-view is enabled by default. Therefore, database queries may be performed during view rendering. Explicitly configure spring.jpa.open-in-view to disable this warning", "exception":""}
{"timestamp":"2024-09-25T14:38:22.955", "level":"INFO", "thread":"[main]", "logger":"o.s.b.a.e.web.EndpointLinksResolver", "message":"Exposing 14 endpoints beneath base path '/actuator'", "exception":""}
{"timestamp":"2024-09-25T14:38:23.100", "level":"INFO", "thread":"[main]", "logger":"c.t.c.ConcurrencyApplicationTests", "message":"Started ConcurrencyApplicationTests in 9.332 seconds (process running for 10.56)", "exception":""}
]]></system-out>
    <system-err><![CDATA[SLF4J(W): Class path contains multiple SLF4J providers.
SLF4J(W): Found provider [ch.qos.logback.classic.spi.LogbackServiceProvider@689604d9]
SLF4J(W): Found provider [org.apache.logging.slf4j.SLF4JServiceProvider@18078bef]
SLF4J(W): See https://www.slf4j.org/codes.html#multiple_bindings for an explanation.
SLF4J(I): Actual provider is of type [ch.qos.logback.classic.spi.LogbackServiceProvider@689604d9]
WARNING: A Java agent has been loaded dynamically (/home/kduah/.m2/repository/net/bytebuddy/byte-buddy-agent/1.14.19/byte-buddy-agent-1.14.19.jar)
WARNING: If a serviceability tool is in use, please run with -XX:+EnableDynamicAgentLoading to hide this warning
WARNING: If a serviceability tool is not in use, please run with -Djdk.instrument.traceUsage for more information
WARNING: Dynamic loading of agents will be disallowed by default in a future release
]]></system-err>
  </testcase>
</testsuite>